<?xml version="1.0" encoding="UTF-8"?>
<!-- Generated by org.testng.reporters.JUnitReportReporter -->
<testsuite hostname="DESKTOP-ILOVP9M" failures="0" tests="1" name="com_crm_testscriptes.createcampaign" time="8.706" errors="0" timestamp="2023-10-05T11:30:01 IST" skipped="0">
  <testcase classname="com_crm_testscriptes.createcampaign" name="createcampaign" time="8.706"/>
  <system-out>
    <![CDATA[browser is open
successfull application page logined
successfull application page logouted
successfull application page logined]]>
  </system-out>
</testsuite> <!-- com_crm_testscriptes.createcampaign -->
