<?xml version="1.0" encoding="UTF-8"?>
<!-- Generated by org.testng.reporters.JUnitReportReporter -->
<testsuite hostname="DESKTOP-ILOVP9M" failures="0" tests="1" name="com_crm_pom.createcampaign" time="5.283" errors="0" timestamp="2023-09-27T20:46:11 IST" skipped="0">
  <testcase classname="com_crm_pom.createcampaign" name="create" time="5.283"/>
</testsuite> <!-- com_crm_pom.createcampaign -->
